<?xml version="1.0" encoding="UTF-8"?>
<testng-results ignored="1" total="11" passed="10" failed="0" skipped="0">
  <reporter-output>
    <line>
      <![CDATA[Setting up report and test is getting ready]]>
    </line>
    <line>
      <![CDATA[Setting done -Test can be started]]>
    </line>
    <line>
      <![CDATA[Test is about to end]]>
    </line>
    <line>
      <![CDATA[Test completed >>>Report generated]]>
    </line>
    <line>
      <![CDATA[Test is about to end]]>
    </line>
    <line>
      <![CDATA[Test completed >>>Report generated]]>
    </line>
    <line>
      <![CDATA[Test is about to end]]>
    </line>
    <line>
      <![CDATA[Test completed >>>Report generated]]>
    </line>
    <line>
      <![CDATA[Test is about to end]]>
    </line>
    <line>
      <![CDATA[Test completed >>>Report generated]]>
    </line>
    <line>
      <![CDATA[Test is about to end]]>
    </line>
    <line>
      <![CDATA[Test completed >>>Report generated]]>
    </line>
    <line>
      <![CDATA[Test is about to end]]>
    </line>
    <line>
      <![CDATA[Test completed >>>Report generated]]>
    </line>
    <line>
      <![CDATA[Test is about to end]]>
    </line>
    <line>
      <![CDATA[Test completed >>>Report generated]]>
    </line>
    <line>
      <![CDATA[Test is about to end]]>
    </line>
    <line>
      <![CDATA[Test completed >>>Report generated]]>
    </line>
    <line>
      <![CDATA[Test is about to end]]>
    </line>
    <line>
      <![CDATA[Test completed >>>Report generated]]>
    </line>
    <line>
      <![CDATA[Test is about to end]]>
    </line>
    <line>
      <![CDATA[Test completed >>>Report generated]]>
    </line>
  </reporter-output>
  <suite started-at="2022-05-19T11:27:28 IST" name="Default suite" finished-at="2022-05-19T11:28:06 IST" duration-ms="37964">
    <groups>
    </groups>
    <test started-at="2022-05-19T11:27:28 IST" name="Default test" finished-at="2022-05-19T11:28:06 IST" duration-ms="37964">
      <class name="com.mindtree.runner.TestCase1">
        <test-method is-config="true" signature="setUpSuit()[pri:0, instance:com.mindtree.runner.TestCase1@6253c26]" started-at="2022-05-19T11:27:27 IST" name="setUpSuit" finished-at="2022-05-19T11:27:28 IST" duration-ms="375" status="PASS">
          <reporter-output>
            <line>
              <![CDATA[Setting up report and test is getting ready]]>
            </line>
            <line>
              <![CDATA[Setting done -Test can be started]]>
            </line>
          </reporter-output>
        </test-method> <!-- setUpSuit -->
        <test-method is-config="true" signature="setUp()[pri:0, instance:com.mindtree.runner.TestCase1@6253c26]" started-at="2022-05-19T11:27:28 IST" name="setUp" finished-at="2022-05-19T11:27:41 IST" duration-ms="13458" status="PASS">
          <reporter-output>
          </reporter-output>
        </test-method> <!-- setUp -->
        <test-method signature="test1()[pri:1, instance:com.mindtree.runner.TestCase1@6253c26]" started-at="2022-05-19T11:27:41 IST" name="test1" finished-at="2022-05-19T11:27:43 IST" duration-ms="2315" status="PASS">
          <reporter-output>
          </reporter-output>
        </test-method> <!-- test1 -->
        <test-method is-config="true" signature="tearDownM(org.testng.ITestResult)[pri:0, instance:com.mindtree.runner.TestCase1@6253c26]" started-at="2022-05-19T11:27:43 IST" name="tearDownM" finished-at="2022-05-19T11:27:44 IST" duration-ms="794" status="PASS">
          <params>
            <param index="0">
              <value>
                <![CDATA[[TestResult name=test1 status=SUCCESS method=TestCase1.test1()[pri:1, instance:com.mindtree.runner.TestCase1@6253c26] output={null}]]]>
              </value>
            </param>
          </params>
          <reporter-output>
            <line>
              <![CDATA[Test is about to end]]>
            </line>
            <line>
              <![CDATA[Test completed >>>Report generated]]>
            </line>
          </reporter-output>
        </test-method> <!-- tearDownM -->
        <test-method signature="test2()[pri:2, instance:com.mindtree.runner.TestCase1@6253c26]" started-at="2022-05-19T11:27:44 IST" name="test2" finished-at="2022-05-19T11:27:46 IST" duration-ms="1658" status="PASS">
          <reporter-output>
          </reporter-output>
        </test-method> <!-- test2 -->
        <test-method is-config="true" signature="tearDownM(org.testng.ITestResult)[pri:0, instance:com.mindtree.runner.TestCase1@6253c26]" started-at="2022-05-19T11:27:46 IST" name="tearDownM" finished-at="2022-05-19T11:27:46 IST" duration-ms="516" status="PASS">
          <params>
            <param index="0">
              <value>
                <![CDATA[[TestResult name=test2 status=SUCCESS method=TestCase1.test2()[pri:2, instance:com.mindtree.runner.TestCase1@6253c26] output={null}]]]>
              </value>
            </param>
          </params>
          <reporter-output>
            <line>
              <![CDATA[Test is about to end]]>
            </line>
            <line>
              <![CDATA[Test completed >>>Report generated]]>
            </line>
          </reporter-output>
        </test-method> <!-- tearDownM -->
        <test-method signature="test3()[pri:3, instance:com.mindtree.runner.TestCase1@6253c26]" started-at="2022-05-19T11:27:46 IST" name="test3" finished-at="2022-05-19T11:27:48 IST" duration-ms="1754" status="PASS">
          <reporter-output>
          </reporter-output>
        </test-method> <!-- test3 -->
        <test-method is-config="true" signature="tearDownM(org.testng.ITestResult)[pri:0, instance:com.mindtree.runner.TestCase1@6253c26]" started-at="2022-05-19T11:27:48 IST" name="tearDownM" finished-at="2022-05-19T11:27:48 IST" duration-ms="354" status="PASS">
          <params>
            <param index="0">
              <value>
                <![CDATA[[TestResult name=test3 status=SUCCESS method=TestCase1.test3()[pri:3, instance:com.mindtree.runner.TestCase1@6253c26] output={null}]]]>
              </value>
            </param>
          </params>
          <reporter-output>
            <line>
              <![CDATA[Test is about to end]]>
            </line>
            <line>
              <![CDATA[Test completed >>>Report generated]]>
            </line>
          </reporter-output>
        </test-method> <!-- tearDownM -->
        <test-method signature="test4()[pri:4, instance:com.mindtree.runner.TestCase1@6253c26]" started-at="2022-05-19T11:27:48 IST" name="test4" finished-at="2022-05-19T11:27:50 IST" duration-ms="1936" status="PASS">
          <reporter-output>
          </reporter-output>
        </test-method> <!-- test4 -->
        <test-method is-config="true" signature="tearDownM(org.testng.ITestResult)[pri:0, instance:com.mindtree.runner.TestCase1@6253c26]" started-at="2022-05-19T11:27:50 IST" name="tearDownM" finished-at="2022-05-19T11:27:51 IST" duration-ms="391" status="PASS">
          <params>
            <param index="0">
              <value>
                <![CDATA[[TestResult name=test4 status=SUCCESS method=TestCase1.test4()[pri:4, instance:com.mindtree.runner.TestCase1@6253c26] output={null}]]]>
              </value>
            </param>
          </params>
          <reporter-output>
            <line>
              <![CDATA[Test is about to end]]>
            </line>
            <line>
              <![CDATA[Test completed >>>Report generated]]>
            </line>
          </reporter-output>
        </test-method> <!-- tearDownM -->
        <test-method signature="test5()[pri:5, instance:com.mindtree.runner.TestCase1@6253c26]" started-at="2022-05-19T11:27:51 IST" name="test5" finished-at="2022-05-19T11:27:52 IST" duration-ms="828" status="PASS">
          <reporter-output>
          </reporter-output>
        </test-method> <!-- test5 -->
        <test-method is-config="true" signature="tearDownM(org.testng.ITestResult)[pri:0, instance:com.mindtree.runner.TestCase1@6253c26]" started-at="2022-05-19T11:27:52 IST" name="tearDownM" finished-at="2022-05-19T11:27:52 IST" duration-ms="485" status="PASS">
          <params>
            <param index="0">
              <value>
                <![CDATA[[TestResult name=test5 status=SUCCESS method=TestCase1.test5()[pri:5, instance:com.mindtree.runner.TestCase1@6253c26] output={null}]]]>
              </value>
            </param>
          </params>
          <reporter-output>
            <line>
              <![CDATA[Test is about to end]]>
            </line>
            <line>
              <![CDATA[Test completed >>>Report generated]]>
            </line>
          </reporter-output>
        </test-method> <!-- tearDownM -->
        <test-method signature="test6()[pri:6, instance:com.mindtree.runner.TestCase1@6253c26]" started-at="2022-05-19T11:27:52 IST" name="test6" finished-at="2022-05-19T11:27:54 IST" duration-ms="1914" status="PASS">
          <reporter-output>
          </reporter-output>
        </test-method> <!-- test6 -->
        <test-method is-config="true" signature="tearDownM(org.testng.ITestResult)[pri:0, instance:com.mindtree.runner.TestCase1@6253c26]" started-at="2022-05-19T11:27:54 IST" name="tearDownM" finished-at="2022-05-19T11:27:54 IST" duration-ms="489" status="PASS">
          <params>
            <param index="0">
              <value>
                <![CDATA[[TestResult name=test6 status=SUCCESS method=TestCase1.test6()[pri:6, instance:com.mindtree.runner.TestCase1@6253c26] output={null}]]]>
              </value>
            </param>
          </params>
          <reporter-output>
            <line>
              <![CDATA[Test is about to end]]>
            </line>
            <line>
              <![CDATA[Test completed >>>Report generated]]>
            </line>
          </reporter-output>
        </test-method> <!-- tearDownM -->
        <test-method signature="test7()[pri:7, instance:com.mindtree.runner.TestCase1@6253c26]" started-at="2022-05-19T11:27:54 IST" name="test7" finished-at="2022-05-19T11:27:56 IST" duration-ms="1730" status="PASS">
          <reporter-output>
          </reporter-output>
        </test-method> <!-- test7 -->
        <test-method is-config="true" signature="tearDownM(org.testng.ITestResult)[pri:0, instance:com.mindtree.runner.TestCase1@6253c26]" started-at="2022-05-19T11:27:56 IST" name="tearDownM" finished-at="2022-05-19T11:27:58 IST" duration-ms="1862" status="PASS">
          <params>
            <param index="0">
              <value>
                <![CDATA[[TestResult name=test7 status=SUCCESS method=TestCase1.test7()[pri:7, instance:com.mindtree.runner.TestCase1@6253c26] output={null}]]]>
              </value>
            </param>
          </params>
          <reporter-output>
            <line>
              <![CDATA[Test is about to end]]>
            </line>
            <line>
              <![CDATA[Test completed >>>Report generated]]>
            </line>
          </reporter-output>
        </test-method> <!-- tearDownM -->
        <test-method signature="test8()[pri:8, instance:com.mindtree.runner.TestCase1@6253c26]" started-at="2022-05-19T11:27:58 IST" name="test8" finished-at="2022-05-19T11:28:00 IST" duration-ms="2061" status="PASS">
          <reporter-output>
          </reporter-output>
        </test-method> <!-- test8 -->
        <test-method is-config="true" signature="tearDownM(org.testng.ITestResult)[pri:0, instance:com.mindtree.runner.TestCase1@6253c26]" started-at="2022-05-19T11:28:00 IST" name="tearDownM" finished-at="2022-05-19T11:28:01 IST" duration-ms="362" status="PASS">
          <params>
            <param index="0">
              <value>
                <![CDATA[[TestResult name=test8 status=SUCCESS method=TestCase1.test8()[pri:8, instance:com.mindtree.runner.TestCase1@6253c26] output={null}]]]>
              </value>
            </param>
          </params>
          <reporter-output>
            <line>
              <![CDATA[Test is about to end]]>
            </line>
            <line>
              <![CDATA[Test completed >>>Report generated]]>
            </line>
          </reporter-output>
        </test-method> <!-- tearDownM -->
        <test-method signature="test9()[pri:9, instance:com.mindtree.runner.TestCase1@6253c26]" started-at="2022-05-19T11:28:01 IST" name="test9" finished-at="2022-05-19T11:28:02 IST" duration-ms="1792" status="PASS">
          <reporter-output>
          </reporter-output>
        </test-method> <!-- test9 -->
        <test-method is-config="true" signature="tearDownM(org.testng.ITestResult)[pri:0, instance:com.mindtree.runner.TestCase1@6253c26]" started-at="2022-05-19T11:28:02 IST" name="tearDownM" finished-at="2022-05-19T11:28:03 IST" duration-ms="464" status="PASS">
          <params>
            <param index="0">
              <value>
                <![CDATA[[TestResult name=test9 status=SUCCESS method=TestCase1.test9()[pri:9, instance:com.mindtree.runner.TestCase1@6253c26] output={null}]]]>
              </value>
            </param>
          </params>
          <reporter-output>
            <line>
              <![CDATA[Test is about to end]]>
            </line>
            <line>
              <![CDATA[Test completed >>>Report generated]]>
            </line>
          </reporter-output>
        </test-method> <!-- tearDownM -->
        <test-method signature="test10()[pri:10, instance:com.mindtree.runner.TestCase1@6253c26]" started-at="2022-05-19T11:28:03 IST" name="test10" finished-at="2022-05-19T11:28:04 IST" duration-ms="1551" status="PASS">
          <reporter-output>
          </reporter-output>
        </test-method> <!-- test10 -->
        <test-method is-config="true" signature="tearDownM(org.testng.ITestResult)[pri:0, instance:com.mindtree.runner.TestCase1@6253c26]" started-at="2022-05-19T11:28:04 IST" name="tearDownM" finished-at="2022-05-19T11:28:05 IST" duration-ms="233" status="PASS">
          <params>
            <param index="0">
              <value>
                <![CDATA[[TestResult name=test10 status=SUCCESS method=TestCase1.test10()[pri:10, instance:com.mindtree.runner.TestCase1@6253c26] output={null}]]]>
              </value>
            </param>
          </params>
          <reporter-output>
            <line>
              <![CDATA[Test is about to end]]>
            </line>
            <line>
              <![CDATA[Test completed >>>Report generated]]>
            </line>
          </reporter-output>
        </test-method> <!-- tearDownM -->
        <test-method is-config="true" signature="tearDown()[pri:0, instance:com.mindtree.runner.TestCase1@6253c26]" started-at="2022-05-19T11:28:05 IST" name="tearDown" finished-at="2022-05-19T11:28:06 IST" duration-ms="955" status="PASS">
          <reporter-output>
          </reporter-output>
        </test-method> <!-- tearDown -->
      </class> <!-- com.mindtree.runner.TestCase1 -->
    </test> <!-- Default test -->
  </suite> <!-- Default suite -->
</testng-results>
