<?xml version="1.0" encoding="UTF-8"?>
<!-- Generated by org.testng.reporters.JUnitXMLReporter -->
<testsuite ignored="14" hostname="mindc1d399" failures="0" tests="8" name="Test2" time="121.705" errors="0" timestamp="2022-05-18T18:40:06 IST">
  <testcase classname="com.mindtree.runner.TestCase2" name="test2" time="2.245"/>
  <testcase classname="com.mindtree.runner.TestCase1" name="test1" time="2.644"/>
  <testcase classname="com.mindtree.runner.TestCase8" name="test8" time="2.668"/>
  <testcase classname="com.mindtree.runner.TestCase10" name="test10" time="1.824"/>
  <testcase classname="com.mindtree.runner.TestCase7" name="test7" time="1.848"/>
  <testcase classname="com.mindtree.runner.TestCase6" name="test6" time="2.605"/>
  <testcase classname="com.mindtree.runner.TestCase5" name="test5" time="1.204"/>
  <testcase classname="com.mindtree.runner.TestCase9" name="test9" time="2.191"/>
  <testcase classname="com.mindtree.pageobject.BaseClass" name="@BeforeSuite setUpSuit" time="0.0">
    <ignored/>
  </testcase> <!-- @BeforeSuite setUpSuit -->
  <testcase classname="com.mindtree.pageobject.BaseClass" name="@BeforeSuite setUpSuit" time="0.0">
    <ignored/>
  </testcase> <!-- @BeforeSuite setUpSuit -->
  <testcase classname="com.mindtree.pageobject.BaseClass" name="@BeforeSuite setUpSuit" time="0.0">
    <ignored/>
  </testcase> <!-- @BeforeSuite setUpSuit -->
  <testcase classname="com.mindtree.pageobject.BaseClass" name="@BeforeSuite setUpSuit" time="0.0">
    <ignored/>
  </testcase> <!-- @BeforeSuite setUpSuit -->
  <testcase classname="com.mindtree.pageobject.BaseClass" name="@BeforeSuite setUpSuit" time="0.0">
    <ignored/>
  </testcase> <!-- @BeforeSuite setUpSuit -->
  <testcase classname="com.mindtree.pageobject.BaseClass" name="@BeforeSuite setUpSuit" time="0.0">
    <ignored/>
  </testcase> <!-- @BeforeSuite setUpSuit -->
  <testcase classname="com.mindtree.pageobject.BaseClass" name="@BeforeSuite setUpSuit" time="0.0">
    <ignored/>
  </testcase> <!-- @BeforeSuite setUpSuit -->
  <testcase classname="com.mindtree.pageobject.BaseClass" name="@AfterSuite flush" time="0.0">
    <ignored/>
  </testcase> <!-- @AfterSuite flush -->
  <testcase classname="com.mindtree.pageobject.BaseClass" name="@AfterSuite flush" time="0.0">
    <ignored/>
  </testcase> <!-- @AfterSuite flush -->
  <testcase classname="com.mindtree.pageobject.BaseClass" name="@AfterSuite flush" time="0.0">
    <ignored/>
  </testcase> <!-- @AfterSuite flush -->
  <testcase classname="com.mindtree.pageobject.BaseClass" name="@AfterSuite flush" time="0.0">
    <ignored/>
  </testcase> <!-- @AfterSuite flush -->
  <testcase classname="com.mindtree.pageobject.BaseClass" name="@AfterSuite flush" time="0.0">
    <ignored/>
  </testcase> <!-- @AfterSuite flush -->
  <testcase classname="com.mindtree.pageobject.BaseClass" name="@AfterSuite flush" time="0.0">
    <ignored/>
  </testcase> <!-- @AfterSuite flush -->
  <testcase classname="com.mindtree.pageobject.BaseClass" name="@AfterSuite flush" time="0.0">
    <ignored/>
  </testcase> <!-- @AfterSuite flush -->
</testsuite> <!-- Test2 -->
