<?xml version="1.0" encoding="UTF-8"?>
<!-- Generated by org.testng.reporters.JUnitXMLReporter -->
<testsuite ignored="0" hostname="mindc1d399" failures="0" tests="10" name="Test" time="37.921" errors="0" timestamp="2022-05-19T11:08:07 IST">
  <testcase classname="com.mindtree.runner.TestCase1" name="test1" time="2.142"/>
  <testcase classname="com.mindtree.runner.TestCase1" name="test2" time="2.107"/>
  <testcase classname="com.mindtree.runner.TestCase1" name="test3" time="1.996"/>
  <testcase classname="com.mindtree.runner.TestCase1" name="test4" time="1.59"/>
  <testcase classname="com.mindtree.runner.TestCase1" name="test5" time="0.811"/>
  <testcase classname="com.mindtree.runner.TestCase1" name="test6" time="1.805"/>
  <testcase classname="com.mindtree.runner.TestCase1" name="test7" time="1.805"/>
  <testcase classname="com.mindtree.runner.TestCase1" name="test8" time="1.887"/>
  <testcase classname="com.mindtree.runner.TestCase1" name="test9" time="1.786"/>
  <testcase classname="com.mindtree.runner.TestCase1" name="test10" time="1.713"/>
</testsuite> <!-- Test -->
