<?xml version="1.0" encoding="UTF-8"?>
<!-- Generated by org.testng.reporters.JUnitXMLReporter -->
<testsuite ignored="1" hostname="mindc1d399" failures="0" tests="10" name="Default test" time="37.964" errors="0" timestamp="2022-05-19T11:28:06 IST">
  <testcase classname="com.mindtree.runner.TestCase1" name="test1" time="2.315"/>
  <testcase classname="com.mindtree.runner.TestCase1" name="test2" time="1.658"/>
  <testcase classname="com.mindtree.runner.TestCase1" name="test3" time="1.754"/>
  <testcase classname="com.mindtree.runner.TestCase1" name="test4" time="1.936"/>
  <testcase classname="com.mindtree.runner.TestCase1" name="test5" time="0.828"/>
  <testcase classname="com.mindtree.runner.TestCase1" name="test6" time="1.914"/>
  <testcase classname="com.mindtree.runner.TestCase1" name="test7" time="1.73"/>
  <testcase classname="com.mindtree.runner.TestCase1" name="test8" time="2.061"/>
  <testcase classname="com.mindtree.runner.TestCase1" name="test9" time="1.792"/>
  <testcase classname="com.mindtree.runner.TestCase1" name="test10" time="1.551"/>
  <testcase classname="com.mindtree.pageobject.BaseClass" name="@BeforeSuite setUpSuit" time="0.0">
    <ignored/>
  </testcase> <!-- @BeforeSuite setUpSuit -->
</testsuite> <!-- Default test -->
